<?xml version="1.0" encoding="UTF-8"?>
<testng-results skipped="0" failed="0" total="2" passed="2">
  <reporter-output>
  </reporter-output>
  <suite name="Command line suite" duration-ms="66" started-at="2017-10-12T07:07:29Z" finished-at="2017-10-12T07:07:29Z">
    <groups>
    </groups>
    <test name="Command line test" duration-ms="66" started-at="2017-10-12T07:07:29Z" finished-at="2017-10-12T07:07:29Z">
      <class name="com.learntestng.SampleTest">
        <test-method status="PASS" signature="sampletest()[pri:0, instance:com.learntestng.SampleTest@6e5e67f1]" name="sampletest" duration-ms="1" started-at="2017-10-12T12:37:29Z" finished-at="2017-10-12T12:37:29Z">
          <reporter-output>
          </reporter-output>
        </test-method> <!-- sampletest -->
      </class> <!-- com.learntestng.SampleTest -->
      <class name="com.learntestng.AppTest">
        <test-method status="PASS" signature="sendMail()[pri:0, instance:com.learntestng.AppTest@4823d4c8]" name="sendMail" duration-ms="25" started-at="2017-10-12T12:37:29Z" finished-at="2017-10-12T12:37:29Z">
          <reporter-output>
          </reporter-output>
        </test-method> <!-- sendMail -->
      </class> <!-- com.learntestng.AppTest -->
    </test> <!-- Command line test -->
  </suite> <!-- Command line suite -->
</testng-results>
