<?xml version="1.0" encoding="UTF-8"?>
<testng-results skipped="0" failed="0" total="1" passed="1">
  <reporter-output>
  </reporter-output>
  <suite name="Default suite" duration-ms="21" started-at="2016-06-15T12:16:34Z" finished-at="2016-06-15T12:16:34Z">
    <groups>
    </groups>
    <test name="Default test" duration-ms="21" started-at="2016-06-15T12:16:34Z" finished-at="2016-06-15T12:16:34Z">
      <class name="com.learntestng.AppTest">
        <test-method status="PASS" signature="sendMail()[pri:0, instance:com.learntestng.AppTest@1b31463c]" name="sendMail" duration-ms="10" started-at="2016-06-15T17:46:34Z" finished-at="2016-06-15T17:46:34Z">
          <reporter-output>
          </reporter-output>
        </test-method> <!-- sendMail -->
      </class> <!-- com.learntestng.AppTest -->
    </test> <!-- Default test -->
  </suite> <!-- Default suite -->
</testng-results>
